# JRE version: OpenJDK Runtime Environment (8.0_242-b01) (build 1.8.0_242-release-1644-b01)
# Java VM: OpenJDK 64-Bit Server VM (25.242-b01 mixed mode windows-amd64 compressed oops)
Heap:
 PSYoungGen      total 426496K, used 80721K [0x00000000d5580000, 0x00000000f7500000, 0x0000000100000000)
  eden space 393728K, 12% used [0x00000000d5580000,0x00000000d8456200,0x00000000ed600000)
  from space 32768K, 99% used [0x00000000ed600000,0x00000000ef5fe508,0x00000000ef600000)
  to   space 44032K, 0% used [0x00000000f4a00000,0x00000000f4a00000,0x00000000f7500000)
 ParOldGen       total 176640K, used 87789K [0x0000000080000000, 0x000000008ac80000, 0x00000000d5580000)
  object space 176640K, 49% used [0x0000000080000000,0x00000000855bb7a8,0x000000008ac80000)
 Metaspace       used 103869K, capacity 109660K, committed 109848K, reserved 1144832K
  class space    used 13709K, capacity 14825K, committed 14896K, reserved 1048576K
GC Heap History (10 events):
Event: 182.555 GC heap before
{Heap before GC invocations=17 (full 3):
 PSYoungGen      total 272896K, used 268702K [0x00000000d5580000, 0x00000000ec280000, 0x0000000100000000)
  eden space 248832K, 100% used [0x00000000d5580000,0x00000000e4880000,0x00000000e4880000)
  from space 24064K, 82% used [0x00000000e4880000,0x00000000e5be78b8,0x00000000e6000000)
  to   space 26624K, 0% used [0x00000000ea880000,0x00000000ea880000,0x00000000ec280000)
 ParOldGen       total 109568K, used 41058K [0x0000000080000000, 0x0000000086b00000, 0x00000000d5580000)
  object space 109568K, 37% used [0x0000000080000000,0x00000000828188f0,0x0000000086b00000)
 Metaspace       used 82581K, capacity 86758K, committed 86808K, reserved 1124352K
  class space    used 10985K, capacity 11812K, committed 11824K, reserved 1048576K
Event: 182.841 GC heap after
Heap after GC invocations=17 (full 3):
 PSYoungGen      total 340992K, used 12175K [0x00000000d5580000, 0x00000000ebe80000, 0x0000000100000000)
  eden space 318464K, 0% used [0x00000000d5580000,0x00000000d5580000,0x00000000e8c80000)
  from space 22528K, 54% used [0x00000000ea880000,0x00000000eb463d10,0x00000000ebe80000)
  to   space 25600K, 0% used [0x00000000e8c80000,0x00000000e8c80000,0x00000000ea580000)
 ParOldGen       total 109568K, used 52574K [0x0000000080000000, 0x0000000086b00000, 0x00000000d5580000)
  object space 109568K, 47% used [0x0000000080000000,0x00000000833578d0,0x0000000086b00000)
 Metaspace       used 82581K, capacity 86758K, committed 86808K, reserved 1124352K
  class space    used 10985K, capacity 11812K, committed 11824K, reserved 1048576K
}
Event: 193.083 GC heap before
{Heap before GC invocations=18 (full 3):
 PSYoungGen      total 340992K, used 330639K [0x00000000d5580000, 0x00000000ebe80000, 0x0000000100000000)
  eden space 318464K, 100% used [0x00000000d5580000,0x00000000e8c80000,0x00000000e8c80000)
  from space 22528K, 54% used [0x00000000ea880000,0x00000000eb463d10,0x00000000ebe80000)
  to   space 25600K, 0% used [0x00000000e8c80000,0x00000000e8c80000,0x00000000ea580000)
 ParOldGen       total 109568K, used 52574K [0x0000000080000000, 0x0000000086b00000, 0x00000000d5580000)
  object space 109568K, 47% used [0x0000000080000000,0x00000000833578d0,0x0000000086b00000)
 Metaspace       used 88150K, capacity 92660K, committed 92952K, reserved 1130496K
  class space    used 11642K, capacity 12559K, committed 12592K, reserved 1048576K
Event: 193.133 GC heap after
Heap after GC invocations=18 (full 3):
 PSYoungGen      total 344064K, used 23882K [0x00000000d5580000, 0x00000000f1280000, 0x0000000100000000)
  eden space 318464K, 0% used [0x00000000d5580000,0x00000000d5580000,0x00000000e8c80000)
  from space 25600K, 93% used [0x00000000e8c80000,0x00000000ea3d2b60,0x00000000ea580000)
  to   space 29184K, 0% used [0x00000000ef600000,0x00000000ef600000,0x00000000f1280000)
 ParOldGen       total 109568K, used 52582K [0x0000000080000000, 0x0000000086b00000, 0x00000000d5580000)
  object space 109568K, 47% used [0x0000000080000000,0x00000000833598d0,0x0000000086b00000)
 Metaspace       used 88150K, capacity 92660K, committed 92952K, reserved 1130496K
  class space    used 11642K, capacity 12559K, committed 12592K, reserved 1048576K
}
Event: 195.940 GC heap before
{Heap before GC invocations=19 (full 3):
 PSYoungGen      total 344064K, used 135036K [0x00000000d5580000, 0x00000000f1280000, 0x0000000100000000)
  eden space 318464K, 34% used [0x00000000d5580000,0x00000000dc20c6b8,0x00000000e8c80000)
  from space 25600K, 93% used [0x00000000e8c80000,0x00000000ea3d2b60,0x00000000ea580000)
  to   space 29184K, 0% used [0x00000000ef600000,0x00000000ef600000,0x00000000f1280000)
 ParOldGen       total 109568K, used 52582K [0x0000000080000000, 0x0000000086b00000, 0x00000000d5580000)
  object space 109568K, 47% used [0x0000000080000000,0x00000000833598d0,0x0000000086b00000)
 Metaspace       used 93851K, capacity 98528K, committed 98600K, reserved 1134592K
  class space    used 12264K, capacity 13193K, committed 13232K, reserved 1048576K
Event: 195.986 GC heap after
Heap after GC invocations=19 (full 3):
 PSYoungGen      total 422912K, used 27242K [0x00000000d5580000, 0x00000000f1880000, 0x0000000100000000)
  eden space 393728K, 0% used [0x00000000d5580000,0x00000000d5580000,0x00000000ed600000)
  from space 29184K, 93% used [0x00000000ef600000,0x00000000f109ab08,0x00000000f1280000)
  to   space 32768K, 0% used [0x00000000ed600000,0x00000000ed600000,0x00000000ef600000)
 ParOldGen       total 109568K, used 52590K [0x0000000080000000, 0x0000000086b00000, 0x00000000d5580000)
  object space 109568K, 47% used [0x0000000080000000,0x000000008335b8d0,0x0000000086b00000)
 Metaspace       used 93851K, capacity 98528K, committed 98600K, reserved 1134592K
  class space    used 12264K, capacity 13193K, committed 13232K, reserved 1048576K
}
Event: 195.986 GC heap before
{Heap before GC invocations=20 (full 4):
 PSYoungGen      total 422912K, used 27242K [0x00000000d5580000, 0x00000000f1880000, 0x0000000100000000)
  eden space 393728K, 0% used [0x00000000d5580000,0x00000000d5580000,0x00000000ed600000)
  from space 29184K, 93% used [0x00000000ef600000,0x00000000f109ab08,0x00000000f1280000)
  to   space 32768K, 0% used [0x00000000ed600000,0x00000000ed600000,0x00000000ef600000)
 ParOldGen       total 109568K, used 52590K [0x0000000080000000, 0x0000000086b00000, 0x00000000d5580000)
  object space 109568K, 47% used [0x0000000080000000,0x000000008335b8d0,0x0000000086b00000)
 Metaspace       used 93851K, capacity 98528K, committed 98600K, reserved 1134592K
  class space    used 12264K, capacity 13193K, committed 13232K, reserved 1048576K
Event: 197.483 GC heap after
Heap after GC invocations=20 (full 4):
 PSYoungGen      total 422912K, used 0K [0x00000000d5580000, 0x00000000f1880000, 0x0000000100000000)
  eden space 393728K, 0% used [0x00000000d5580000,0x00000000d5580000,0x00000000ed600000)
  from space 29184K, 0% used [0x00000000ef600000,0x00000000ef600000,0x00000000f1280000)
  to   space 32768K, 0% used [0x00000000ed600000,0x00000000ed600000,0x00000000ef600000)
 ParOldGen       total 176640K, used 71321K [0x0000000080000000, 0x000000008ac80000, 0x00000000d5580000)
  object space 176640K, 40% used [0x0000000080000000,0x00000000845a6508,0x000000008ac80000)
 Metaspace       used 93487K, capacity 97448K, committed 98600K, reserved 1134592K
  class space    used 12147K, capacity 12987K, committed 13232K, reserved 1048576K
}
Event: 201.393 GC heap before
{Heap before GC invocations=21 (full 4):
 PSYoungGen      total 422912K, used 393728K [0x00000000d5580000, 0x00000000f1880000, 0x0000000100000000)
  eden space 393728K, 100% used [0x00000000d5580000,0x00000000ed600000,0x00000000ed600000)
  from space 29184K, 0% used [0x00000000ef600000,0x00000000ef600000,0x00000000f1280000)
  to   space 32768K, 0% used [0x00000000ed600000,0x00000000ed600000,0x00000000ef600000)
 ParOldGen       total 176640K, used 71321K [0x0000000080000000, 0x000000008ac80000, 0x00000000d5580000)
  object space 176640K, 40% used [0x0000000080000000,0x00000000845a6508,0x000000008ac80000)
 Metaspace       used 103247K, capacity 108832K, committed 108952K, reserved 1142784K
  class space    used 13593K, capacity 14657K, committed 14768K, reserved 1048576K
Event: 201.531 GC heap after
Heap after GC invocations=21 (full 4):
 PSYoungGen      total 426496K, used 32761K [0x00000000d5580000, 0x00000000f7500000, 0x0000000100000000)
  eden space 393728K, 0% used [0x00000000d5580000,0x00000000d5580000,0x00000000ed600000)
  from space 32768K, 99% used [0x00000000ed600000,0x00000000ef5fe508,0x00000000ef600000)
  to   space 44032K, 0% used [0x00000000f4a00000,0x00000000f4a00000,0x00000000f7500000)
 ParOldGen       total 176640K, used 87789K [0x0000000080000000, 0x000000008ac80000, 0x00000000d5580000)
  object space 176640K, 49% used [0x0000000080000000,0x00000000855bb7a8,0x000000008ac80000)
 Metaspace       used 103247K, capacity 108832K, committed 108952K, reserved 1142784K
  class space    used 13593K, capacity 14657K, committed 14768K, reserved 1048576K
}

